baseline (all-quant) per-skill CE: {'index': 0.0337, 'filter': 0.0001, 'semantic': 0.0002, 'relative': 0.0736, 'content': 0.0656, 'read': 0.0001}
[ 1/42] un-cluster L0.q      | relative +0.0004  content +0.0019
[ 2/42] un-cluster L0.k      | relative +0.0006  content +0.0011
[ 3/42] un-cluster L0.v      | relative +0.0004  content -0.0002
[ 4/42] un-cluster L0.o      | relative -0.0005  content +0.0035
[ 5/42] un-cluster L0.gate   | relative +0.0018  content -0.0010
[ 6/42] un-cluster L0.up     | relative +0.0030  content -0.0006
[ 7/42] un-cluster L0.down   | relative +0.0055  content +0.0027
[ 8/42] un-cluster L1.q      | relative -0.0016  content -0.0011
[ 9/42] un-cluster L1.k      | relative +0.0005  content -0.0010
[10/42] un-cluster L1.v      | relative -0.0075  content -0.0023
[11/42] un-cluster L1.o      | relative -0.0086  content -0.0007
[12/42] un-cluster L1.gate   | relative -0.0054  content -0.0001
[13/42] un-cluster L1.up     | relative -0.0018  content +0.0006
[14/42] un-cluster L1.down   | relative -0.0129  content +0.0001
[15/42] un-cluster L2.q      | relative -0.0020  content +0.0001
[16/42] un-cluster L2.k      | relative -0.0013  content -0.0003
[17/42] un-cluster L2.v      | relative -0.0086  content +0.0003
[18/42] un-cluster L2.o      | relative -0.0099  content +0.0012
[19/42] un-cluster L2.gate   | relative +0.0019  content +0.0002
[20/42] un-cluster L2.up     | relative +0.0023  content +0.0004
[21/42] un-cluster L2.down   | relative +0.0029  content +0.0004
[22/42] un-cluster L3.q      | relative -0.0013  content +0.0000
[23/42] un-cluster L3.k      | relative -0.0006  content -0.0008
[24/42] un-cluster L3.v      | relative -0.0049  content -0.0007
[25/42] un-cluster L3.o      | relative -0.0064  content +0.0003
[26/42] un-cluster L3.gate   | relative +0.0011  content -0.0003
[27/42] un-cluster L3.up     | relative +0.0017  content -0.0004
[28/42] un-cluster L3.down   | relative +0.0018  content -0.0011
[29/42] un-cluster L4.q      | relative +0.0011  content -0.0023
[30/42] un-cluster L4.k      | relative -0.0027  content -0.0022
[31/42] un-cluster L4.v      | relative +0.0016  content -0.0006
[32/42] un-cluster L4.o      | relative +0.0024  content -0.0007
[33/42] un-cluster L4.gate   | relative +0.0016  content -0.0009
[34/42] un-cluster L4.up     | relative +0.0006  content -0.0005
[35/42] un-cluster L4.down   | relative +0.0016  content -0.0006
[36/42] un-cluster L5.q      | relative +0.0007  content +0.0006
[37/42] un-cluster L5.k      | relative +0.0003  content +0.0002
[38/42] un-cluster L5.v      | relative +0.0007  content -0.0019
[39/42] un-cluster L5.o      | relative +0.0030  content -0.0011
[40/42] un-cluster L5.gate   | relative -0.0000  content +0.0001
[41/42] un-cluster L5.up     | relative -0.0009  content -0.0000
[42/42] un-cluster L5.down   | relative -0.0000  content +0.0004

=== 3a: top components whose un-clustering RECOVERS each fragile skill ===
  relative : L0.down(+0.005), L0.up(+0.003), L5.o(+0.003), L2.down(+0.003), L4.o(+0.002)
  content  : L0.o(+0.004), L0.down(+0.003), L0.q(+0.002), L2.o(+0.001), L0.k(+0.001)
  index    : L0.down(+0.003), L0.o(+0.002), L0.gate(+0.001), L0.up(+0.001), L3.q(+0.000)

=== 2a: un-cluster by WEIGHT CLASS — per-skill recovery ===
class               index    filte    seman    relat    conte     read
Q/K (routing)     -0.0053  -0.0002  +0.0000  -0.0041  -0.0033  -0.0000
V/O (payload)     -0.0039  -0.0001  -0.0004  -0.0423  -0.0024  -0.0011
MLP (compute)     -0.0011  -0.0000  +0.0000  -0.0003  -0.0022  -0.0026

saved runs/exp3a.png, runs/exp2a.png
